<?xml version="1.0" encoding="UTF-8"?>
<!-- Generated by org.testng.reporters.JUnitReportReporter -->
<testsuite hostname="RashedZahan" failures="0" tests="5" name="testcases.LogInPageTesting" time="53.971" errors="0" timestamp="2023-03-20T22:40:38 BDT" skipped="0">
  <testcase classname="testcases.LogInPageTesting" name="testLogInWithInValidCredentialUserName" time="11.956"/>
  <system-out/>
  <testcase classname="testcases.LogInPageTesting" name="testLogInWithInValidCredentialPassword" time="12.394"/>
  <system-out/>
  <testcase classname="testcases.LogInPageTesting" name="testLogInWithInValidCredentialUsingDataProvider" time="8.322"/>
  <system-out/>
  <testcase classname="testcases.LogInPageTesting" name="testLogInWithValidCredential" time="10.568"/>
  <system-out/>
  <testcase classname="testcases.LogInPageTesting" name="testLogInWithInValidCredentialUsingDataProvider" time="10.731"/>
  <system-out/>
</testsuite> <!-- testcases.LogInPageTesting -->
