<?xml version="1.0" encoding="UTF-8"?>
<!-- Generated by org.testng.reporters.JUnitReportReporter -->
<testsuite hostname="RashedZahan" failures="0" tests="1" name="testcases.HomePageTest" time="11.861" errors="0" timestamp="2023-03-04T20:43:09 BDT" skipped="0">
  <testcase classname="testcases.HomePageTest" name="TestHomePageTitle" time="11.861"/>
  <system-out/>
</testsuite> <!-- testcases.HomePageTest -->
