<?xml version="1.0" encoding="UTF-8"?>
<!-- Generated by org.testng.reporters.JUnitReportReporter -->
<testsuite hostname="RashedZahan" failures="0" tests="1" name="testcases.HomePageTesting" time="20.400" errors="0" timestamp="2023-03-20T22:40:38 BDT" skipped="0">
  <testcase classname="testcases.HomePageTesting" name="TestHomePageTitle" time="20.400"/>
  <system-out/>
</testsuite> <!-- testcases.HomePageTesting -->
